<?xml version="1.0" encoding="UTF-8"?>
<testng-results skipped="0" failed="0" ignored="0" total="1" passed="1">
  <reporter-output>
  </reporter-output>
  <suite name="Regression Suite" duration-ms="17672" started-at="2022-05-17T17:23:02 EDT" finished-at="2022-05-17T17:23:19 EDT">
    <groups>
    </groups>
    <test name="registration_tests" duration-ms="17672" started-at="2022-05-17T17:23:02 EDT" finished-at="2022-05-17T17:23:19 EDT">
      <class name="AutomationPractise.test.RegistrationTest.RegistrationTest">
        <test-method status="PASS" signature="initializeEnvironment()[pri:0, instance:AutomationPractise.test.RegistrationTest.RegistrationTest@2a17b7b6]" name="initializeEnvironment" is-config="true" duration-ms="12" started-at="2022-05-17T17:23:02 EDT" finished-at="2022-05-17T17:23:02 EDT">
          <reporter-output>
          </reporter-output>
        </test-method> <!-- initializeEnvironment -->
        <test-method status="PASS" signature="setUp()[pri:0, instance:AutomationPractise.test.RegistrationTest.RegistrationTest@2a17b7b6]" name="setUp" is-config="true" duration-ms="2375" started-at="2022-05-17T17:23:02 EDT" finished-at="2022-05-17T17:23:04 EDT">
          <reporter-output>
          </reporter-output>
        </test-method> <!-- setUp -->
        <test-method status="PASS" signature="ValidateRegistrationPositiveFlow()[pri:0, instance:AutomationPractise.test.RegistrationTest.RegistrationTest@2a17b7b6]" name="ValidateRegistrationPositiveFlow" duration-ms="12946" started-at="2022-05-17T17:23:04 EDT" finished-at="2022-05-17T17:23:17 EDT">
          <reporter-output>
          </reporter-output>
        </test-method> <!-- ValidateRegistrationPositiveFlow -->
        <test-method status="PASS" signature="tearDown(org.testng.ITestResult)[pri:0, instance:AutomationPractise.test.RegistrationTest.RegistrationTest@2a17b7b6]" name="tearDown" is-config="true" duration-ms="2308" started-at="2022-05-17T17:23:17 EDT" finished-at="2022-05-17T17:23:19 EDT">
          <params>
            <param index="0">
              <value>
                <![CDATA[[TestResult name=ValidateRegistrationPositiveFlow status=SUCCESS method=RegistrationTest.ValidateRegistrationPositiveFlow()[pri:0, instance:AutomationPractise.test.RegistrationTest.RegistrationTest@2a17b7b6] output={null}]]]>
              </value>
            </param>
          </params>
          <reporter-output>
          </reporter-output>
        </test-method> <!-- tearDown -->
      </class> <!-- AutomationPractise.test.RegistrationTest.RegistrationTest -->
    </test> <!-- registration_tests -->
  </suite> <!-- Regression Suite -->
</testng-results>
